<?xml version="1.0" encoding="UTF-8"?>
<testsuites>
  <testsuite name="" tests="35" assertions="39" errors="0" failures="0" skipped="0" time="0.857940">
    <testsuite name="all" tests="35" assertions="39" errors="0" failures="0" skipped="0" time="0.857940">
      <testsuite name="App\Card\CardDeckTest" file="C:\Users\Palm\cygwin64\home\Palm\dbwebb-kurser\mvc\me\report\tests\Card\CardDeckTest.php" tests="8" assertions="9" errors="0" failures="0" skipped="0" time="0.514113">
        <testcase name="testCreate" file="C:\Users\Palm\cygwin64\home\Palm\dbwebb-kurser\mvc\me\report\tests\Card\CardDeckTest.php" line="19" class="App\Card\CardDeckTest" classname="App.Card.CardDeckTest" assertions="1" time="0.397787"/>
        <testcase name="testCountCards" file="C:\Users\Palm\cygwin64\home\Palm\dbwebb-kurser\mvc\me\report\tests\Card\CardDeckTest.php" line="29" class="App\Card\CardDeckTest" classname="App.Card.CardDeckTest" assertions="1" time="0.012005"/>
        <testcase name="testGetDeck" file="C:\Users\Palm\cygwin64\home\Palm\dbwebb-kurser\mvc\me\report\tests\Card\CardDeckTest.php" line="41" class="App\Card\CardDeckTest" classname="App.Card.CardDeckTest" assertions="2" time="0.013377"/>
        <testcase name="testShuffleDeck" file="C:\Users\Palm\cygwin64\home\Palm\dbwebb-kurser\mvc\me\report\tests\Card\CardDeckTest.php" line="58" class="App\Card\CardDeckTest" classname="App.Card.CardDeckTest" assertions="1" time="0.053722"/>
        <testcase name="testDrawCardWithNoArgs" file="C:\Users\Palm\cygwin64\home\Palm\dbwebb-kurser\mvc\me\report\tests\Card\CardDeckTest.php" line="77" class="App\Card\CardDeckTest" classname="App.Card.CardDeckTest" assertions="1" time="0.009747"/>
        <testcase name="testDrawCardWithArgs" file="C:\Users\Palm\cygwin64\home\Palm\dbwebb-kurser\mvc\me\report\tests\Card\CardDeckTest.php" line="92" class="App\Card\CardDeckTest" classname="App.Card.CardDeckTest" assertions="1" time="0.004763"/>
        <testcase name="testDrawExceptionOutofBounds" file="C:\Users\Palm\cygwin64\home\Palm\dbwebb-kurser\mvc\me\report\tests\Card\CardDeckTest.php" line="109" class="App\Card\CardDeckTest" classname="App.Card.CardDeckTest" assertions="1" time="0.018268"/>
        <testcase name="testDrawExceptionEmpyDeck" file="C:\Users\Palm\cygwin64\home\Palm\dbwebb-kurser\mvc\me\report\tests\Card\CardDeckTest.php" line="124" class="App\Card\CardDeckTest" classname="App.Card.CardDeckTest" assertions="1" time="0.004444"/>
      </testsuite>
      <testsuite name="App\Card\CardHandTest" file="C:\Users\Palm\cygwin64\home\Palm\dbwebb-kurser\mvc\me\report\tests\Card\CardHandTest.php" tests="3" assertions="3" errors="0" failures="0" skipped="0" time="0.022050">
        <testcase name="testCreateHand" file="C:\Users\Palm\cygwin64\home\Palm\dbwebb-kurser\mvc\me\report\tests\Card\CardHandTest.php" line="20" class="App\Card\CardHandTest" classname="App.Card.CardHandTest" assertions="1" time="0.009172"/>
        <testcase name="testGetHandWEmptyHand" file="C:\Users\Palm\cygwin64\home\Palm\dbwebb-kurser\mvc\me\report\tests\Card\CardHandTest.php" line="30" class="App\Card\CardHandTest" classname="App.Card.CardHandTest" assertions="1" time="0.004256"/>
        <testcase name="testGetHand1Card" file="C:\Users\Palm\cygwin64\home\Palm\dbwebb-kurser\mvc\me\report\tests\Card\CardHandTest.php" line="43" class="App\Card\CardHandTest" classname="App.Card.CardHandTest" assertions="1" time="0.008622"/>
      </testsuite>
      <testsuite name="App\Card\CardsTest" file="C:\Users\Palm\cygwin64\home\Palm\dbwebb-kurser\mvc\me\report\tests\Card\CardsTest.php" tests="4" assertions="4" errors="0" failures="0" skipped="0" time="0.019221">
        <testcase name="testCreate" file="C:\Users\Palm\cygwin64\home\Palm\dbwebb-kurser\mvc\me\report\tests\Card\CardsTest.php" line="17" class="App\Card\CardsTest" classname="App.Card.CardsTest" assertions="1" time="0.003835"/>
        <testcase name="testPointMethodWhenPointIsGiven" file="C:\Users\Palm\cygwin64\home\Palm\dbwebb-kurser\mvc\me\report\tests\Card\CardsTest.php" line="27" class="App\Card\CardsTest" classname="App.Card.CardsTest" assertions="1" time="0.004602"/>
        <testcase name="testPointIsDefaultZero" file="C:\Users\Palm\cygwin64\home\Palm\dbwebb-kurser\mvc\me\report\tests\Card\CardsTest.php" line="38" class="App\Card\CardsTest" classname="App.Card.CardsTest" assertions="1" time="0.003940"/>
        <testcase name="testGetStringBack" file="C:\Users\Palm\cygwin64\home\Palm\dbwebb-kurser\mvc\me\report\tests\Card\CardsTest.php" line="49" class="App\Card\CardsTest" classname="App.Card.CardsTest" assertions="1" time="0.006844"/>
      </testsuite>
      <testsuite name="App\Game21\Game21Test" file="C:\Users\Palm\cygwin64\home\Palm\dbwebb-kurser\mvc\me\report\tests\Game21\Game21Test.php" tests="13" assertions="14" errors="0" failures="0" skipped="0" time="0.213143">
        <testcase name="testGame21Construct" file="C:\Users\Palm\cygwin64\home\Palm\dbwebb-kurser\mvc\me\report\tests\Game21\Game21Test.php" line="17" class="App\Game21\Game21Test" classname="App.Game21.Game21Test" assertions="2" time="0.013862"/>
        <testcase name="testFirstGivePlayer" file="C:\Users\Palm\cygwin64\home\Palm\dbwebb-kurser\mvc\me\report\tests\Game21\Game21Test.php" line="28" class="App\Game21\Game21Test" classname="App.Game21.Game21Test" assertions="1" time="0.006638"/>
        <testcase name="testFirstGiveDealer" file="C:\Users\Palm\cygwin64\home\Palm\dbwebb-kurser\mvc\me\report\tests\Game21\Game21Test.php" line="42" class="App\Game21\Game21Test" classname="App.Game21.Game21Test" assertions="1" time="0.004781"/>
        <testcase name="testHitPlayer" file="C:\Users\Palm\cygwin64\home\Palm\dbwebb-kurser\mvc\me\report\tests\Game21\Game21Test.php" line="56" class="App\Game21\Game21Test" classname="App.Game21.Game21Test" assertions="1" time="0.006756"/>
        <testcase name="testFirstDrawW0Point" file="C:\Users\Palm\cygwin64\home\Palm\dbwebb-kurser\mvc\me\report\tests\Game21\Game21Test.php" line="70" class="App\Game21\Game21Test" classname="App.Game21.Game21Test" assertions="1" time="0.004845"/>
        <testcase name="testcheckFirstDraw21All" file="C:\Users\Palm\cygwin64\home\Palm\dbwebb-kurser\mvc\me\report\tests\Game21\Game21Test.php" line="83" class="App\Game21\Game21Test" classname="App.Game21.Game21Test" assertions="1" time="0.083001"/>
        <testcase name="testcheckFirstDraw21Player" file="C:\Users\Palm\cygwin64\home\Palm\dbwebb-kurser\mvc\me\report\tests\Game21\Game21Test.php" line="107" class="App\Game21\Game21Test" classname="App.Game21.Game21Test" assertions="1" time="0.007855"/>
        <testcase name="testcheckFirstDraw21Dealer" file="C:\Users\Palm\cygwin64\home\Palm\dbwebb-kurser\mvc\me\report\tests\Game21\Game21Test.php" line="130" class="App\Game21\Game21Test" classname="App.Game21.Game21Test" assertions="1" time="0.010343"/>
        <testcase name="testCheckPlayerwins" file="C:\Users\Palm\cygwin64\home\Palm\dbwebb-kurser\mvc\me\report\tests\Game21\Game21Test.php" line="153" class="App\Game21\Game21Test" classname="App.Game21.Game21Test" assertions="1" time="0.017377"/>
        <testcase name="testGetPlayerScoreReturnsInt" file="C:\Users\Palm\cygwin64\home\Palm\dbwebb-kurser\mvc\me\report\tests\Game21\Game21Test.php" line="177" class="App\Game21\Game21Test" classname="App.Game21.Game21Test" assertions="1" time="0.013995"/>
        <testcase name="testGetDealerScoreReturnsInt" file="C:\Users\Palm\cygwin64\home\Palm\dbwebb-kurser\mvc\me\report\tests\Game21\Game21Test.php" line="193" class="App\Game21\Game21Test" classname="App.Game21.Game21Test" assertions="1" time="0.015441"/>
        <testcase name="testGameStopBoth21" file="C:\Users\Palm\cygwin64\home\Palm\dbwebb-kurser\mvc\me\report\tests\Game21\Game21Test.php" line="207" class="App\Game21\Game21Test" classname="App.Game21.Game21Test" assertions="1" time="0.013798"/>
        <testcase name="testcheckGamestop21Dealer" file="C:\Users\Palm\cygwin64\home\Palm\dbwebb-kurser\mvc\me\report\tests\Game21\Game21Test.php" line="230" class="App\Game21\Game21Test" classname="App.Game21.Game21Test" assertions="1" time="0.014451"/>
      </testsuite>
      <testsuite name="App\Game21\PlayerTest" file="C:\Users\Palm\cygwin64\home\Palm\dbwebb-kurser\mvc\me\report\tests\Game21\PlayerTest.php" tests="7" assertions="9" errors="0" failures="0" skipped="0" time="0.089413">
        <testcase name="testCreatePlayer" file="C:\Users\Palm\cygwin64\home\Palm\dbwebb-kurser\mvc\me\report\tests\Game21\PlayerTest.php" line="18" class="App\Game21\PlayerTest" classname="App.Game21.PlayerTest" assertions="1" time="0.012538"/>
        <testcase name="testGetHandPlayer" file="C:\Users\Palm\cygwin64\home\Palm\dbwebb-kurser\mvc\me\report\tests\Game21\PlayerTest.php" line="29" class="App\Game21\PlayerTest" classname="App.Game21.PlayerTest" assertions="1" time="0.011188"/>
        <testcase name="testTheFirstDeal" file="C:\Users\Palm\cygwin64\home\Palm\dbwebb-kurser\mvc\me\report\tests\Game21\PlayerTest.php" line="42" class="App\Game21\PlayerTest" classname="App.Game21.PlayerTest" assertions="2" time="0.007623"/>
        <testcase name="testTheHitFunction" file="C:\Users\Palm\cygwin64\home\Palm\dbwebb-kurser\mvc\me\report\tests\Game21\PlayerTest.php" line="59" class="App\Game21\PlayerTest" classname="App.Game21.PlayerTest" assertions="2" time="0.008745"/>
        <testcase name="testScore" file="C:\Users\Palm\cygwin64\home\Palm\dbwebb-kurser\mvc\me\report\tests\Game21\PlayerTest.php" line="76" class="App\Game21\PlayerTest" classname="App.Game21.PlayerTest" assertions="1" time="0.012301"/>
        <testcase name="testScoreW1AceOver21" file="C:\Users\Palm\cygwin64\home\Palm\dbwebb-kurser\mvc\me\report\tests\Game21\PlayerTest.php" line="93" class="App\Game21\PlayerTest" classname="App.Game21.PlayerTest" assertions="1" time="0.023564"/>
        <testcase name="testScoreW2AceOver21" file="C:\Users\Palm\cygwin64\home\Palm\dbwebb-kurser\mvc\me\report\tests\Game21\PlayerTest.php" line="111" class="App\Game21\PlayerTest" classname="App.Game21.PlayerTest" assertions="1" time="0.013455"/>
      </testsuite>
    </testsuite>
  </testsuite>
</testsuites>
