<?xml version="1.0" encoding="UTF-8"?>
<testsuites>
  <testsuite name="" tests="35" assertions="39" errors="0" failures="0" skipped="0" time="2.305473">
    <testsuite name="all" tests="35" assertions="39" errors="0" failures="0" skipped="0" time="2.305473">
      <testsuite name="App\Card\CardDeckTest" file="C:\Users\Palm\cygwin64\home\Palm\dbwebb-kurser\mvc\me\report\tests\Card\CardDeckTest.php" tests="8" assertions="9" errors="0" failures="0" skipped="0" time="1.382646">
        <testcase name="testCreate" file="C:\Users\Palm\cygwin64\home\Palm\dbwebb-kurser\mvc\me\report\tests\Card\CardDeckTest.php" line="19" class="App\Card\CardDeckTest" classname="App.Card.CardDeckTest" assertions="1" time="0.829360"/>
        <testcase name="testCountCards" file="C:\Users\Palm\cygwin64\home\Palm\dbwebb-kurser\mvc\me\report\tests\Card\CardDeckTest.php" line="29" class="App\Card\CardDeckTest" classname="App.Card.CardDeckTest" assertions="1" time="0.008995"/>
        <testcase name="testGetDeck" file="C:\Users\Palm\cygwin64\home\Palm\dbwebb-kurser\mvc\me\report\tests\Card\CardDeckTest.php" line="41" class="App\Card\CardDeckTest" classname="App.Card.CardDeckTest" assertions="2" time="0.025750"/>
        <testcase name="testShuffleDeck" file="C:\Users\Palm\cygwin64\home\Palm\dbwebb-kurser\mvc\me\report\tests\Card\CardDeckTest.php" line="58" class="App\Card\CardDeckTest" classname="App.Card.CardDeckTest" assertions="1" time="0.324575"/>
        <testcase name="testDrawCardWithNoArgs" file="C:\Users\Palm\cygwin64\home\Palm\dbwebb-kurser\mvc\me\report\tests\Card\CardDeckTest.php" line="77" class="App\Card\CardDeckTest" classname="App.Card.CardDeckTest" assertions="1" time="0.039302"/>
        <testcase name="testDrawCardWithArgs" file="C:\Users\Palm\cygwin64\home\Palm\dbwebb-kurser\mvc\me\report\tests\Card\CardDeckTest.php" line="92" class="App\Card\CardDeckTest" classname="App.Card.CardDeckTest" assertions="1" time="0.084861"/>
        <testcase name="testDrawExceptionOutofBounds" file="C:\Users\Palm\cygwin64\home\Palm\dbwebb-kurser\mvc\me\report\tests\Card\CardDeckTest.php" line="109" class="App\Card\CardDeckTest" classname="App.Card.CardDeckTest" assertions="1" time="0.043889"/>
        <testcase name="testDrawExceptionEmpyDeck" file="C:\Users\Palm\cygwin64\home\Palm\dbwebb-kurser\mvc\me\report\tests\Card\CardDeckTest.php" line="124" class="App\Card\CardDeckTest" classname="App.Card.CardDeckTest" assertions="1" time="0.025913"/>
      </testsuite>
      <testsuite name="App\Card\CardHandTest" file="C:\Users\Palm\cygwin64\home\Palm\dbwebb-kurser\mvc\me\report\tests\Card\CardHandTest.php" tests="3" assertions="3" errors="0" failures="0" skipped="0" time="0.225814">
        <testcase name="testCreateHand" file="C:\Users\Palm\cygwin64\home\Palm\dbwebb-kurser\mvc\me\report\tests\Card\CardHandTest.php" line="20" class="App\Card\CardHandTest" classname="App.Card.CardHandTest" assertions="1" time="0.206869"/>
        <testcase name="testGetHandWEmptyHand" file="C:\Users\Palm\cygwin64\home\Palm\dbwebb-kurser\mvc\me\report\tests\Card\CardHandTest.php" line="30" class="App\Card\CardHandTest" classname="App.Card.CardHandTest" assertions="1" time="0.009996"/>
        <testcase name="testGetHand1Card" file="C:\Users\Palm\cygwin64\home\Palm\dbwebb-kurser\mvc\me\report\tests\Card\CardHandTest.php" line="43" class="App\Card\CardHandTest" classname="App.Card.CardHandTest" assertions="1" time="0.008949"/>
      </testsuite>
      <testsuite name="App\Card\CardsTest" file="C:\Users\Palm\cygwin64\home\Palm\dbwebb-kurser\mvc\me\report\tests\Card\CardsTest.php" tests="4" assertions="4" errors="0" failures="0" skipped="0" time="0.050885">
        <testcase name="testCreate" file="C:\Users\Palm\cygwin64\home\Palm\dbwebb-kurser\mvc\me\report\tests\Card\CardsTest.php" line="17" class="App\Card\CardsTest" classname="App.Card.CardsTest" assertions="1" time="0.028157"/>
        <testcase name="testPointMethodWhenPointIsGiven" file="C:\Users\Palm\cygwin64\home\Palm\dbwebb-kurser\mvc\me\report\tests\Card\CardsTest.php" line="27" class="App\Card\CardsTest" classname="App.Card.CardsTest" assertions="1" time="0.006795"/>
        <testcase name="testPointIsDefaultZero" file="C:\Users\Palm\cygwin64\home\Palm\dbwebb-kurser\mvc\me\report\tests\Card\CardsTest.php" line="38" class="App\Card\CardsTest" classname="App.Card.CardsTest" assertions="1" time="0.007584"/>
        <testcase name="testGetStringBack" file="C:\Users\Palm\cygwin64\home\Palm\dbwebb-kurser\mvc\me\report\tests\Card\CardsTest.php" line="49" class="App\Card\CardsTest" classname="App.Card.CardsTest" assertions="1" time="0.008349"/>
      </testsuite>
      <testsuite name="App\Game21\Game21Test" file="C:\Users\Palm\cygwin64\home\Palm\dbwebb-kurser\mvc\me\report\tests\Game21\Game21Test.php" tests="13" assertions="14" errors="0" failures="0" skipped="0" time="0.567447">
        <testcase name="testGame21Construct" file="C:\Users\Palm\cygwin64\home\Palm\dbwebb-kurser\mvc\me\report\tests\Game21\Game21Test.php" line="17" class="App\Game21\Game21Test" classname="App.Game21.Game21Test" assertions="2" time="0.015161"/>
        <testcase name="testFirstGivePlayer" file="C:\Users\Palm\cygwin64\home\Palm\dbwebb-kurser\mvc\me\report\tests\Game21\Game21Test.php" line="28" class="App\Game21\Game21Test" classname="App.Game21.Game21Test" assertions="1" time="0.025265"/>
        <testcase name="testFirstGiveDealer" file="C:\Users\Palm\cygwin64\home\Palm\dbwebb-kurser\mvc\me\report\tests\Game21\Game21Test.php" line="42" class="App\Game21\Game21Test" classname="App.Game21.Game21Test" assertions="1" time="0.018264"/>
        <testcase name="testHitPlayer" file="C:\Users\Palm\cygwin64\home\Palm\dbwebb-kurser\mvc\me\report\tests\Game21\Game21Test.php" line="56" class="App\Game21\Game21Test" classname="App.Game21.Game21Test" assertions="1" time="0.008865"/>
        <testcase name="testFirstDrawW0Point" file="C:\Users\Palm\cygwin64\home\Palm\dbwebb-kurser\mvc\me\report\tests\Game21\Game21Test.php" line="70" class="App\Game21\Game21Test" classname="App.Game21.Game21Test" assertions="1" time="0.012411"/>
        <testcase name="testcheckFirstDraw21All" file="C:\Users\Palm\cygwin64\home\Palm\dbwebb-kurser\mvc\me\report\tests\Game21\Game21Test.php" line="83" class="App\Game21\Game21Test" classname="App.Game21.Game21Test" assertions="1" time="0.376396"/>
        <testcase name="testcheckFirstDraw21Player" file="C:\Users\Palm\cygwin64\home\Palm\dbwebb-kurser\mvc\me\report\tests\Game21\Game21Test.php" line="107" class="App\Game21\Game21Test" classname="App.Game21.Game21Test" assertions="1" time="0.010527"/>
        <testcase name="testcheckFirstDraw21Dealer" file="C:\Users\Palm\cygwin64\home\Palm\dbwebb-kurser\mvc\me\report\tests\Game21\Game21Test.php" line="130" class="App\Game21\Game21Test" classname="App.Game21.Game21Test" assertions="1" time="0.028107"/>
        <testcase name="testCheckPlayerwins" file="C:\Users\Palm\cygwin64\home\Palm\dbwebb-kurser\mvc\me\report\tests\Game21\Game21Test.php" line="153" class="App\Game21\Game21Test" classname="App.Game21.Game21Test" assertions="1" time="0.011062"/>
        <testcase name="testGetPlayerScoreReturnsInt" file="C:\Users\Palm\cygwin64\home\Palm\dbwebb-kurser\mvc\me\report\tests\Game21\Game21Test.php" line="177" class="App\Game21\Game21Test" classname="App.Game21.Game21Test" assertions="1" time="0.009419"/>
        <testcase name="testGetDealerScoreReturnsInt" file="C:\Users\Palm\cygwin64\home\Palm\dbwebb-kurser\mvc\me\report\tests\Game21\Game21Test.php" line="193" class="App\Game21\Game21Test" classname="App.Game21.Game21Test" assertions="1" time="0.015605"/>
        <testcase name="testGameStopBoth21" file="C:\Users\Palm\cygwin64\home\Palm\dbwebb-kurser\mvc\me\report\tests\Game21\Game21Test.php" line="207" class="App\Game21\Game21Test" classname="App.Game21.Game21Test" assertions="1" time="0.020578"/>
        <testcase name="testcheckGamestop21Dealer" file="C:\Users\Palm\cygwin64\home\Palm\dbwebb-kurser\mvc\me\report\tests\Game21\Game21Test.php" line="230" class="App\Game21\Game21Test" classname="App.Game21.Game21Test" assertions="1" time="0.015787"/>
      </testsuite>
      <testsuite name="App\Game21\PlayerTest" file="C:\Users\Palm\cygwin64\home\Palm\dbwebb-kurser\mvc\me\report\tests\Game21\PlayerTest.php" tests="7" assertions="9" errors="0" failures="0" skipped="0" time="0.078680">
        <testcase name="testCreatePlayer" file="C:\Users\Palm\cygwin64\home\Palm\dbwebb-kurser\mvc\me\report\tests\Game21\PlayerTest.php" line="18" class="App\Game21\PlayerTest" classname="App.Game21.PlayerTest" assertions="1" time="0.007763"/>
        <testcase name="testGetHandPlayer" file="C:\Users\Palm\cygwin64\home\Palm\dbwebb-kurser\mvc\me\report\tests\Game21\PlayerTest.php" line="29" class="App\Game21\PlayerTest" classname="App.Game21.PlayerTest" assertions="1" time="0.008012"/>
        <testcase name="testTheFirstDeal" file="C:\Users\Palm\cygwin64\home\Palm\dbwebb-kurser\mvc\me\report\tests\Game21\PlayerTest.php" line="42" class="App\Game21\PlayerTest" classname="App.Game21.PlayerTest" assertions="2" time="0.009883"/>
        <testcase name="testTheHitFunction" file="C:\Users\Palm\cygwin64\home\Palm\dbwebb-kurser\mvc\me\report\tests\Game21\PlayerTest.php" line="59" class="App\Game21\PlayerTest" classname="App.Game21.PlayerTest" assertions="2" time="0.015328"/>
        <testcase name="testScore" file="C:\Users\Palm\cygwin64\home\Palm\dbwebb-kurser\mvc\me\report\tests\Game21\PlayerTest.php" line="76" class="App\Game21\PlayerTest" classname="App.Game21.PlayerTest" assertions="1" time="0.007886"/>
        <testcase name="testScoreW1AceOver21" file="C:\Users\Palm\cygwin64\home\Palm\dbwebb-kurser\mvc\me\report\tests\Game21\PlayerTest.php" line="93" class="App\Game21\PlayerTest" classname="App.Game21.PlayerTest" assertions="1" time="0.014151"/>
        <testcase name="testScoreW2AceOver21" file="C:\Users\Palm\cygwin64\home\Palm\dbwebb-kurser\mvc\me\report\tests\Game21\PlayerTest.php" line="111" class="App\Game21\PlayerTest" classname="App.Game21.PlayerTest" assertions="1" time="0.015658"/>
      </testsuite>
    </testsuite>
  </testsuite>
</testsuites>
