<?xml version="1.0" encoding="UTF-8"?>
<testsuites>
  <testsuite name="" tests="98" assertions="125" errors="0" failures="0" skipped="0" time="1.829063">
    <testsuite name="all" tests="98" assertions="125" errors="0" failures="0" skipped="0" time="1.829063">
      <testsuite name="App\Card\CardDeckTest" file="C:\Users\Palm\cygwin64\home\Palm\dbwebb-kurser\mvc_new\me\report\tests\Card\CardDeckTest.php" tests="8" assertions="9" errors="0" failures="0" skipped="0" time="0.484827">
        <testcase name="testCreate" file="C:\Users\Palm\cygwin64\home\Palm\dbwebb-kurser\mvc_new\me\report\tests\Card\CardDeckTest.php" line="19" class="App\Card\CardDeckTest" classname="App.Card.CardDeckTest" assertions="1" time="0.377871"/>
        <testcase name="testCountCards" file="C:\Users\Palm\cygwin64\home\Palm\dbwebb-kurser\mvc_new\me\report\tests\Card\CardDeckTest.php" line="29" class="App\Card\CardDeckTest" classname="App.Card.CardDeckTest" assertions="1" time="0.006152"/>
        <testcase name="testGetDeck" file="C:\Users\Palm\cygwin64\home\Palm\dbwebb-kurser\mvc_new\me\report\tests\Card\CardDeckTest.php" line="41" class="App\Card\CardDeckTest" classname="App.Card.CardDeckTest" assertions="2" time="0.010753"/>
        <testcase name="testShuffleDeck" file="C:\Users\Palm\cygwin64\home\Palm\dbwebb-kurser\mvc_new\me\report\tests\Card\CardDeckTest.php" line="58" class="App\Card\CardDeckTest" classname="App.Card.CardDeckTest" assertions="1" time="0.058895"/>
        <testcase name="testDrawCardWithNoArgs" file="C:\Users\Palm\cygwin64\home\Palm\dbwebb-kurser\mvc_new\me\report\tests\Card\CardDeckTest.php" line="77" class="App\Card\CardDeckTest" classname="App.Card.CardDeckTest" assertions="1" time="0.005956"/>
        <testcase name="testDrawCardWithArgs" file="C:\Users\Palm\cygwin64\home\Palm\dbwebb-kurser\mvc_new\me\report\tests\Card\CardDeckTest.php" line="92" class="App\Card\CardDeckTest" classname="App.Card.CardDeckTest" assertions="1" time="0.006653"/>
        <testcase name="testDrawExceptionOutofBounds" file="C:\Users\Palm\cygwin64\home\Palm\dbwebb-kurser\mvc_new\me\report\tests\Card\CardDeckTest.php" line="109" class="App\Card\CardDeckTest" classname="App.Card.CardDeckTest" assertions="1" time="0.013009"/>
        <testcase name="testDrawExceptionEmpyDeck" file="C:\Users\Palm\cygwin64\home\Palm\dbwebb-kurser\mvc_new\me\report\tests\Card\CardDeckTest.php" line="124" class="App\Card\CardDeckTest" classname="App.Card.CardDeckTest" assertions="1" time="0.005537"/>
      </testsuite>
      <testsuite name="App\Card\CardHandTest" file="C:\Users\Palm\cygwin64\home\Palm\dbwebb-kurser\mvc_new\me\report\tests\Card\CardHandTest.php" tests="3" assertions="3" errors="0" failures="0" skipped="0" time="0.019005">
        <testcase name="testCreateHand" file="C:\Users\Palm\cygwin64\home\Palm\dbwebb-kurser\mvc_new\me\report\tests\Card\CardHandTest.php" line="20" class="App\Card\CardHandTest" classname="App.Card.CardHandTest" assertions="1" time="0.008786"/>
        <testcase name="testGetHandWEmptyHand" file="C:\Users\Palm\cygwin64\home\Palm\dbwebb-kurser\mvc_new\me\report\tests\Card\CardHandTest.php" line="30" class="App\Card\CardHandTest" classname="App.Card.CardHandTest" assertions="1" time="0.004838"/>
        <testcase name="testGetHand1Card" file="C:\Users\Palm\cygwin64\home\Palm\dbwebb-kurser\mvc_new\me\report\tests\Card\CardHandTest.php" line="43" class="App\Card\CardHandTest" classname="App.Card.CardHandTest" assertions="1" time="0.005381"/>
      </testsuite>
      <testsuite name="App\Card\CardsTest" file="C:\Users\Palm\cygwin64\home\Palm\dbwebb-kurser\mvc_new\me\report\tests\Card\CardsTest.php" tests="4" assertions="4" errors="0" failures="0" skipped="0" time="0.028504">
        <testcase name="testCreate" file="C:\Users\Palm\cygwin64\home\Palm\dbwebb-kurser\mvc_new\me\report\tests\Card\CardsTest.php" line="17" class="App\Card\CardsTest" classname="App.Card.CardsTest" assertions="1" time="0.005039"/>
        <testcase name="testPointMethodWhenPointIsGiven" file="C:\Users\Palm\cygwin64\home\Palm\dbwebb-kurser\mvc_new\me\report\tests\Card\CardsTest.php" line="27" class="App\Card\CardsTest" classname="App.Card.CardsTest" assertions="1" time="0.006473"/>
        <testcase name="testPointIsDefaultZero" file="C:\Users\Palm\cygwin64\home\Palm\dbwebb-kurser\mvc_new\me\report\tests\Card\CardsTest.php" line="38" class="App\Card\CardsTest" classname="App.Card.CardsTest" assertions="1" time="0.006932"/>
        <testcase name="testGetStringBack" file="C:\Users\Palm\cygwin64\home\Palm\dbwebb-kurser\mvc_new\me\report\tests\Card\CardsTest.php" line="49" class="App\Card\CardsTest" classname="App.Card.CardsTest" assertions="1" time="0.010060"/>
      </testsuite>
      <testsuite name="App\Game21\Game21Test" file="C:\Users\Palm\cygwin64\home\Palm\dbwebb-kurser\mvc_new\me\report\tests\Game21\Game21Test.php" tests="13" assertions="14" errors="0" failures="0" skipped="0" time="0.188093">
        <testcase name="testGame21Construct" file="C:\Users\Palm\cygwin64\home\Palm\dbwebb-kurser\mvc_new\me\report\tests\Game21\Game21Test.php" line="17" class="App\Game21\Game21Test" classname="App.Game21.Game21Test" assertions="2" time="0.016452"/>
        <testcase name="testFirstGivePlayer" file="C:\Users\Palm\cygwin64\home\Palm\dbwebb-kurser\mvc_new\me\report\tests\Game21\Game21Test.php" line="28" class="App\Game21\Game21Test" classname="App.Game21.Game21Test" assertions="1" time="0.006910"/>
        <testcase name="testFirstGiveDealer" file="C:\Users\Palm\cygwin64\home\Palm\dbwebb-kurser\mvc_new\me\report\tests\Game21\Game21Test.php" line="42" class="App\Game21\Game21Test" classname="App.Game21.Game21Test" assertions="1" time="0.005123"/>
        <testcase name="testHitPlayer" file="C:\Users\Palm\cygwin64\home\Palm\dbwebb-kurser\mvc_new\me\report\tests\Game21\Game21Test.php" line="56" class="App\Game21\Game21Test" classname="App.Game21.Game21Test" assertions="1" time="0.009239"/>
        <testcase name="testFirstDrawW0Point" file="C:\Users\Palm\cygwin64\home\Palm\dbwebb-kurser\mvc_new\me\report\tests\Game21\Game21Test.php" line="70" class="App\Game21\Game21Test" classname="App.Game21.Game21Test" assertions="1" time="0.010749"/>
        <testcase name="testcheckFirstDraw21All" file="C:\Users\Palm\cygwin64\home\Palm\dbwebb-kurser\mvc_new\me\report\tests\Game21\Game21Test.php" line="83" class="App\Game21\Game21Test" classname="App.Game21.Game21Test" assertions="1" time="0.065462"/>
        <testcase name="testcheckFirstDraw21Player" file="C:\Users\Palm\cygwin64\home\Palm\dbwebb-kurser\mvc_new\me\report\tests\Game21\Game21Test.php" line="107" class="App\Game21\Game21Test" classname="App.Game21.Game21Test" assertions="1" time="0.011221"/>
        <testcase name="testcheckFirstDraw21Dealer" file="C:\Users\Palm\cygwin64\home\Palm\dbwebb-kurser\mvc_new\me\report\tests\Game21\Game21Test.php" line="130" class="App\Game21\Game21Test" classname="App.Game21.Game21Test" assertions="1" time="0.018580"/>
        <testcase name="testCheckPlayerwins" file="C:\Users\Palm\cygwin64\home\Palm\dbwebb-kurser\mvc_new\me\report\tests\Game21\Game21Test.php" line="153" class="App\Game21\Game21Test" classname="App.Game21.Game21Test" assertions="1" time="0.013483"/>
        <testcase name="testGetPlayerScoreReturnsInt" file="C:\Users\Palm\cygwin64\home\Palm\dbwebb-kurser\mvc_new\me\report\tests\Game21\Game21Test.php" line="177" class="App\Game21\Game21Test" classname="App.Game21.Game21Test" assertions="1" time="0.005372"/>
        <testcase name="testGetDealerScoreReturnsInt" file="C:\Users\Palm\cygwin64\home\Palm\dbwebb-kurser\mvc_new\me\report\tests\Game21\Game21Test.php" line="193" class="App\Game21\Game21Test" classname="App.Game21.Game21Test" assertions="1" time="0.006413"/>
        <testcase name="testGameStopBoth21" file="C:\Users\Palm\cygwin64\home\Palm\dbwebb-kurser\mvc_new\me\report\tests\Game21\Game21Test.php" line="207" class="App\Game21\Game21Test" classname="App.Game21.Game21Test" assertions="1" time="0.008448"/>
        <testcase name="testcheckGamestop21Dealer" file="C:\Users\Palm\cygwin64\home\Palm\dbwebb-kurser\mvc_new\me\report\tests\Game21\Game21Test.php" line="230" class="App\Game21\Game21Test" classname="App.Game21.Game21Test" assertions="1" time="0.010641"/>
      </testsuite>
      <testsuite name="App\Game21\PlayerTest" file="C:\Users\Palm\cygwin64\home\Palm\dbwebb-kurser\mvc_new\me\report\tests\Game21\PlayerTest.php" tests="7" assertions="9" errors="0" failures="0" skipped="0" time="0.055522">
        <testcase name="testCreatePlayer" file="C:\Users\Palm\cygwin64\home\Palm\dbwebb-kurser\mvc_new\me\report\tests\Game21\PlayerTest.php" line="18" class="App\Game21\PlayerTest" classname="App.Game21.PlayerTest" assertions="1" time="0.006743"/>
        <testcase name="testGetHandPlayer" file="C:\Users\Palm\cygwin64\home\Palm\dbwebb-kurser\mvc_new\me\report\tests\Game21\PlayerTest.php" line="29" class="App\Game21\PlayerTest" classname="App.Game21.PlayerTest" assertions="1" time="0.004517"/>
        <testcase name="testTheFirstDeal" file="C:\Users\Palm\cygwin64\home\Palm\dbwebb-kurser\mvc_new\me\report\tests\Game21\PlayerTest.php" line="42" class="App\Game21\PlayerTest" classname="App.Game21.PlayerTest" assertions="2" time="0.008003"/>
        <testcase name="testTheHitFunction" file="C:\Users\Palm\cygwin64\home\Palm\dbwebb-kurser\mvc_new\me\report\tests\Game21\PlayerTest.php" line="59" class="App\Game21\PlayerTest" classname="App.Game21.PlayerTest" assertions="2" time="0.010119"/>
        <testcase name="testScore" file="C:\Users\Palm\cygwin64\home\Palm\dbwebb-kurser\mvc_new\me\report\tests\Game21\PlayerTest.php" line="76" class="App\Game21\PlayerTest" classname="App.Game21.PlayerTest" assertions="1" time="0.008098"/>
        <testcase name="testScoreW1AceOver21" file="C:\Users\Palm\cygwin64\home\Palm\dbwebb-kurser\mvc_new\me\report\tests\Game21\PlayerTest.php" line="93" class="App\Game21\PlayerTest" classname="App.Game21.PlayerTest" assertions="1" time="0.009270"/>
        <testcase name="testScoreW2AceOver21" file="C:\Users\Palm\cygwin64\home\Palm\dbwebb-kurser\mvc_new\me\report\tests\Game21\PlayerTest.php" line="111" class="App\Game21\PlayerTest" classname="App.Game21.PlayerTest" assertions="1" time="0.008773"/>
      </testsuite>
      <testsuite name="App\Project\PokercardsTest" file="C:\Users\Palm\cygwin64\home\Palm\dbwebb-kurser\mvc_new\me\report\tests\project\PokercardsTest.php" tests="4" assertions="4" errors="0" failures="0" skipped="0" time="0.154027">
        <testcase name="testCreate" file="C:\Users\Palm\cygwin64\home\Palm\dbwebb-kurser\mvc_new\me\report\tests\project\PokercardsTest.php" line="17" class="App\Project\PokercardsTest" classname="App.Project.PokercardsTest" assertions="1" time="0.132840"/>
        <testcase name="testPointMethodWhenPointIsGiven" file="C:\Users\Palm\cygwin64\home\Palm\dbwebb-kurser\mvc_new\me\report\tests\project\PokercardsTest.php" line="26" class="App\Project\PokercardsTest" classname="App.Project.PokercardsTest" assertions="1" time="0.004911"/>
        <testcase name="testPointIsDefaultZero" file="C:\Users\Palm\cygwin64\home\Palm\dbwebb-kurser\mvc_new\me\report\tests\project\PokercardsTest.php" line="36" class="App\Project\PokercardsTest" classname="App.Project.PokercardsTest" assertions="1" time="0.008622"/>
        <testcase name="testGetSuitMethod" file="C:\Users\Palm\cygwin64\home\Palm\dbwebb-kurser\mvc_new\me\report\tests\project\PokercardsTest.php" line="43" class="App\Project\PokercardsTest" classname="App.Project.PokercardsTest" assertions="1" time="0.007654"/>
      </testsuite>
      <testsuite name="App\Project\PokercompareHandsTest" file="C:\Users\Palm\cygwin64\home\Palm\dbwebb-kurser\mvc_new\me\report\tests\project\PokercompareHandsTest.php" tests="10" assertions="20" errors="0" failures="0" skipped="0" time="0.581637">
        <testcase name="testCompareConstruct" file="C:\Users\Palm\cygwin64\home\Palm\dbwebb-kurser\mvc_new\me\report\tests\project\PokercompareHandsTest.php" line="35" class="App\Project\PokercompareHandsTest" classname="App.Project.PokercompareHandsTest" assertions="2" time="0.369132"/>
        <testcase name="testCompareRoyalFlush" file="C:\Users\Palm\cygwin64\home\Palm\dbwebb-kurser\mvc_new\me\report\tests\project\PokercompareHandsTest.php" line="45" class="App\Project\PokercompareHandsTest" classname="App.Project.PokercompareHandsTest" assertions="2" time="0.161212"/>
        <testcase name="testComparefStraightFlush" file="C:\Users\Palm\cygwin64\home\Palm\dbwebb-kurser\mvc_new\me\report\tests\project\PokercompareHandsTest.php" line="63" class="App\Project\PokercompareHandsTest" classname="App.Project.PokercompareHandsTest" assertions="2" time="0.006343"/>
        <testcase name="testCompareFourOfAKind" file="C:\Users\Palm\cygwin64\home\Palm\dbwebb-kurser\mvc_new\me\report\tests\project\PokercompareHandsTest.php" line="81" class="App\Project\PokercompareHandsTest" classname="App.Project.PokercompareHandsTest" assertions="2" time="0.005033"/>
        <testcase name="testComparefullHouse" file="C:\Users\Palm\cygwin64\home\Palm\dbwebb-kurser\mvc_new\me\report\tests\project\PokercompareHandsTest.php" line="99" class="App\Project\PokercompareHandsTest" classname="App.Project.PokercompareHandsTest" assertions="2" time="0.006055"/>
        <testcase name="testCompareflush" file="C:\Users\Palm\cygwin64\home\Palm\dbwebb-kurser\mvc_new\me\report\tests\project\PokercompareHandsTest.php" line="117" class="App\Project\PokercompareHandsTest" classname="App.Project.PokercompareHandsTest" assertions="2" time="0.009640"/>
        <testcase name="testComparestraight" file="C:\Users\Palm\cygwin64\home\Palm\dbwebb-kurser\mvc_new\me\report\tests\project\PokercompareHandsTest.php" line="134" class="App\Project\PokercompareHandsTest" classname="App.Project.PokercompareHandsTest" assertions="2" time="0.005615"/>
        <testcase name="testComparethreeOf" file="C:\Users\Palm\cygwin64\home\Palm\dbwebb-kurser\mvc_new\me\report\tests\project\PokercompareHandsTest.php" line="151" class="App\Project\PokercompareHandsTest" classname="App.Project.PokercompareHandsTest" assertions="2" time="0.006005"/>
        <testcase name="testComparePair" file="C:\Users\Palm\cygwin64\home\Palm\dbwebb-kurser\mvc_new\me\report\tests\project\PokercompareHandsTest.php" line="168" class="App\Project\PokercompareHandsTest" classname="App.Project.PokercompareHandsTest" assertions="2" time="0.005901"/>
        <testcase name="testCompareOnePair" file="C:\Users\Palm\cygwin64\home\Palm\dbwebb-kurser\mvc_new\me\report\tests\project\PokercompareHandsTest.php" line="185" class="App\Project\PokercompareHandsTest" classname="App.Project.PokercompareHandsTest" assertions="2" time="0.006703"/>
      </testsuite>
      <testsuite name="App\Project\PokerdeckTest" file="C:\Users\Palm\cygwin64\home\Palm\dbwebb-kurser\mvc_new\me\report\tests\project\PokerdeckTest.php" tests="8" assertions="9" errors="0" failures="0" skipped="0" time="0.079909">
        <testcase name="testCreate" file="C:\Users\Palm\cygwin64\home\Palm\dbwebb-kurser\mvc_new\me\report\tests\project\PokerdeckTest.php" line="26" class="App\Project\PokerdeckTest" classname="App.Project.PokerdeckTest" assertions="1" time="0.003180"/>
        <testcase name="testCountCards" file="C:\Users\Palm\cygwin64\home\Palm\dbwebb-kurser\mvc_new\me\report\tests\project\PokerdeckTest.php" line="34" class="App\Project\PokerdeckTest" classname="App.Project.PokerdeckTest" assertions="1" time="0.003936"/>
        <testcase name="testGetDeck" file="C:\Users\Palm\cygwin64\home\Palm\dbwebb-kurser\mvc_new\me\report\tests\project\PokerdeckTest.php" line="44" class="App\Project\PokerdeckTest" classname="App.Project.PokerdeckTest" assertions="2" time="0.006892"/>
        <testcase name="testShuffleDeck" file="C:\Users\Palm\cygwin64\home\Palm\dbwebb-kurser\mvc_new\me\report\tests\project\PokerdeckTest.php" line="58" class="App\Project\PokerdeckTest" classname="App.Project.PokerdeckTest" assertions="1" time="0.043479"/>
        <testcase name="testDrawCardWithNoArgs" file="C:\Users\Palm\cygwin64\home\Palm\dbwebb-kurser\mvc_new\me\report\tests\project\PokerdeckTest.php" line="76" class="App\Project\PokerdeckTest" classname="App.Project.PokerdeckTest" assertions="1" time="0.005279"/>
        <testcase name="testDrawCardWithArgs" file="C:\Users\Palm\cygwin64\home\Palm\dbwebb-kurser\mvc_new\me\report\tests\project\PokerdeckTest.php" line="88" class="App\Project\PokerdeckTest" classname="App.Project.PokerdeckTest" assertions="1" time="0.005059"/>
        <testcase name="testDrawExceptionOutofBounds" file="C:\Users\Palm\cygwin64\home\Palm\dbwebb-kurser\mvc_new\me\report\tests\project\PokerdeckTest.php" line="100" class="App\Project\PokerdeckTest" classname="App.Project.PokerdeckTest" assertions="1" time="0.007654"/>
        <testcase name="testDrawExceptionEmpyDeck" file="C:\Users\Palm\cygwin64\home\Palm\dbwebb-kurser\mvc_new\me\report\tests\project\PokerdeckTest.php" line="113" class="App\Project\PokerdeckTest" classname="App.Project.PokerdeckTest" assertions="1" time="0.004430"/>
      </testsuite>
      <testsuite name="App\Project\PokergameTest" file="C:\Users\Palm\cygwin64\home\Palm\dbwebb-kurser\mvc_new\me\report\tests\project\PokergameTest.php" tests="10" assertions="17" errors="0" failures="0" skipped="0" time="0.043740">
        <testcase name="testGameConstruct" file="C:\Users\Palm\cygwin64\home\Palm\dbwebb-kurser\mvc_new\me\report\tests\project\PokergameTest.php" line="28" class="App\Project\PokergameTest" classname="App.Project.PokergameTest" assertions="2" time="0.003651"/>
        <testcase name="testFirstPlayMethod" file="C:\Users\Palm\cygwin64\home\Palm\dbwebb-kurser\mvc_new\me\report\tests\project\PokergameTest.php" line="39" class="App\Project\PokergameTest" classname="App.Project.PokergameTest" assertions="4" time="0.005701"/>
        <testcase name="testGetCommunityMethodIsEmptyArray" file="C:\Users\Palm\cygwin64\home\Palm\dbwebb-kurser\mvc_new\me\report\tests\project\PokergameTest.php" line="57" class="App\Project\PokergameTest" classname="App.Project.PokergameTest" assertions="2" time="0.005183"/>
        <testcase name="testFlopMethod" file="C:\Users\Palm\cygwin64\home\Palm\dbwebb-kurser\mvc_new\me\report\tests\project\PokergameTest.php" line="68" class="App\Project\PokergameTest" classname="App.Project.PokergameTest" assertions="1" time="0.003716"/>
        <testcase name="testTurnMethod" file="C:\Users\Palm\cygwin64\home\Palm\dbwebb-kurser\mvc_new\me\report\tests\project\PokergameTest.php" line="80" class="App\Project\PokergameTest" classname="App.Project.PokergameTest" assertions="1" time="0.003911"/>
        <testcase name="testRiverMethod" file="C:\Users\Palm\cygwin64\home\Palm\dbwebb-kurser\mvc_new\me\report\tests\project\PokergameTest.php" line="92" class="App\Project\PokergameTest" classname="App.Project.PokergameTest" assertions="1" time="0.005252"/>
        <testcase name="testPlayerHandIsEmpty" file="C:\Users\Palm\cygwin64\home\Palm\dbwebb-kurser\mvc_new\me\report\tests\project\PokergameTest.php" line="106" class="App\Project\PokergameTest" classname="App.Project.PokergameTest" assertions="2" time="0.003495"/>
        <testcase name="testDealerHandIsEmpty" file="C:\Users\Palm\cygwin64\home\Palm\dbwebb-kurser\mvc_new\me\report\tests\project\PokergameTest.php" line="117" class="App\Project\PokergameTest" classname="App.Project.PokergameTest" assertions="2" time="0.004055"/>
        <testcase name="testPlayerHandWhenAllMethodsCalled" file="C:\Users\Palm\cygwin64\home\Palm\dbwebb-kurser\mvc_new\me\report\tests\project\PokergameTest.php" line="128" class="App\Project\PokergameTest" classname="App.Project.PokergameTest" assertions="1" time="0.003754"/>
        <testcase name="testDealerHandWhenAllMethodsCalled" file="C:\Users\Palm\cygwin64\home\Palm\dbwebb-kurser\mvc_new\me\report\tests\project\PokergameTest.php" line="143" class="App\Project\PokergameTest" classname="App.Project.PokergameTest" assertions="1" time="0.005022"/>
      </testsuite>
      <testsuite name="App\Project\PokerhandTest" file="C:\Users\Palm\cygwin64\home\Palm\dbwebb-kurser\mvc_new\me\report\tests\project\PokerhandTest.php" tests="3" assertions="3" errors="0" failures="0" skipped="0" time="0.013210">
        <testcase name="testCreate" file="C:\Users\Palm\cygwin64\home\Palm\dbwebb-kurser\mvc_new\me\report\tests\project\PokerhandTest.php" line="35" class="App\Project\PokerhandTest" classname="App.Project.PokerhandTest" assertions="1" time="0.003945"/>
        <testcase name="testGetHandWEmptyHand" file="C:\Users\Palm\cygwin64\home\Palm\dbwebb-kurser\mvc_new\me\report\tests\project\PokerhandTest.php" line="43" class="App\Project\PokerhandTest" classname="App.Project.PokerhandTest" assertions="1" time="0.003307"/>
        <testcase name="testPlayerHand" file="C:\Users\Palm\cygwin64\home\Palm\dbwebb-kurser\mvc_new\me\report\tests\project\PokerhandTest.php" line="53" class="App\Project\PokerhandTest" classname="App.Project.PokerhandTest" assertions="1" time="0.005959"/>
      </testsuite>
      <testsuite name="App\Project\PokerplayerBalTest" file="C:\Users\Palm\cygwin64\home\Palm\dbwebb-kurser\mvc_new\me\report\tests\project\PokerplayerBalTest.php" tests="5" assertions="5" errors="0" failures="0" skipped="0" time="0.019316">
        <testcase name="testCreate" file="C:\Users\Palm\cygwin64\home\Palm\dbwebb-kurser\mvc_new\me\report\tests\project\PokerplayerBalTest.php" line="20" class="App\Project\PokerplayerBalTest" classname="App.Project.PokerplayerBalTest" assertions="1" time="0.005317"/>
        <testcase name="testWithNoArgs" file="C:\Users\Palm\cygwin64\home\Palm\dbwebb-kurser\mvc_new\me\report\tests\project\PokerplayerBalTest.php" line="29" class="App\Project\PokerplayerBalTest" classname="App.Project.PokerplayerBalTest" assertions="1" time="0.003729"/>
        <testcase name="testWithArgs" file="C:\Users\Palm\cygwin64\home\Palm\dbwebb-kurser\mvc_new\me\report\tests\project\PokerplayerBalTest.php" line="40" class="App\Project\PokerplayerBalTest" classname="App.Project.PokerplayerBalTest" assertions="1" time="0.003175"/>
        <testcase name="testsetnegativeMethod" file="C:\Users\Palm\cygwin64\home\Palm\dbwebb-kurser\mvc_new\me\report\tests\project\PokerplayerBalTest.php" line="51" class="App\Project\PokerplayerBalTest" classname="App.Project.PokerplayerBalTest" assertions="1" time="0.003481"/>
        <testcase name="testsetPositiveMethod" file="C:\Users\Palm\cygwin64\home\Palm\dbwebb-kurser\mvc_new\me\report\tests\project\PokerplayerBalTest.php" line="62" class="App\Project\PokerplayerBalTest" classname="App.Project.PokerplayerBalTest" assertions="1" time="0.003613"/>
      </testsuite>
      <testsuite name="App\Project\PokerrulesTest" file="C:\Users\Palm\cygwin64\home\Palm\dbwebb-kurser\mvc_new\me\report\tests\project\PokerrulesTest.php" tests="23" assertions="28" errors="0" failures="0" skipped="0" time="0.161272">
        <testcase name="testCreate" file="C:\Users\Palm\cygwin64\home\Palm\dbwebb-kurser\mvc_new\me\report\tests\project\PokerrulesTest.php" line="46" class="App\Project\PokerrulesTest" classname="App.Project.PokerrulesTest" assertions="1" time="0.003917"/>
        <testcase name="testPointArr" file="C:\Users\Palm\cygwin64\home\Palm\dbwebb-kurser\mvc_new\me\report\tests\project\PokerrulesTest.php" line="54" class="App\Project\PokerrulesTest" classname="App.Project.PokerrulesTest" assertions="3" time="0.004160"/>
        <testcase name="testSuitArr" file="C:\Users\Palm\cygwin64\home\Palm\dbwebb-kurser\mvc_new\me\report\tests\project\PokerrulesTest.php" line="66" class="App\Project\PokerrulesTest" classname="App.Project.PokerrulesTest" assertions="3" time="0.004100"/>
        <testcase name="testHighCard" file="C:\Users\Palm\cygwin64\home\Palm\dbwebb-kurser\mvc_new\me\report\tests\project\PokerrulesTest.php" line="77" class="App\Project\PokerrulesTest" classname="App.Project.PokerrulesTest" assertions="1" time="0.003852"/>
        <testcase name="testOnePairOnTrue" file="C:\Users\Palm\cygwin64\home\Palm\dbwebb-kurser\mvc_new\me\report\tests\project\PokerrulesTest.php" line="87" class="App\Project\PokerrulesTest" classname="App.Project.PokerrulesTest" assertions="2" time="0.006615"/>
        <testcase name="testOnePairOnFalse" file="C:\Users\Palm\cygwin64\home\Palm\dbwebb-kurser\mvc_new\me\report\tests\project\PokerrulesTest.php" line="109" class="App\Project\PokerrulesTest" classname="App.Project.PokerrulesTest" assertions="1" time="0.004109"/>
        <testcase name="testTwoPairOnTrue" file="C:\Users\Palm\cygwin64\home\Palm\dbwebb-kurser\mvc_new\me\report\tests\project\PokerrulesTest.php" line="127" class="App\Project\PokerrulesTest" classname="App.Project.PokerrulesTest" assertions="1" time="0.005353"/>
        <testcase name="testTwoPairOnfalse" file="C:\Users\Palm\cygwin64\home\Palm\dbwebb-kurser\mvc_new\me\report\tests\project\PokerrulesTest.php" line="145" class="App\Project\PokerrulesTest" classname="App.Project.PokerrulesTest" assertions="1" time="0.009724"/>
        <testcase name="testThreeOfAKindOnTrue" file="C:\Users\Palm\cygwin64\home\Palm\dbwebb-kurser\mvc_new\me\report\tests\project\PokerrulesTest.php" line="163" class="App\Project\PokerrulesTest" classname="App.Project.PokerrulesTest" assertions="1" time="0.007946"/>
        <testcase name="testThreeOfAKindOnFalse" file="C:\Users\Palm\cygwin64\home\Palm\dbwebb-kurser\mvc_new\me\report\tests\project\PokerrulesTest.php" line="181" class="App\Project\PokerrulesTest" classname="App.Project.PokerrulesTest" assertions="1" time="0.012173"/>
        <testcase name="testStraightOnTrue" file="C:\Users\Palm\cygwin64\home\Palm\dbwebb-kurser\mvc_new\me\report\tests\project\PokerrulesTest.php" line="199" class="App\Project\PokerrulesTest" classname="App.Project.PokerrulesTest" assertions="1" time="0.008133"/>
        <testcase name="testStraightWithAss" file="C:\Users\Palm\cygwin64\home\Palm\dbwebb-kurser\mvc_new\me\report\tests\project\PokerrulesTest.php" line="217" class="App\Project\PokerrulesTest" classname="App.Project.PokerrulesTest" assertions="1" time="0.006003"/>
        <testcase name="testStraightOnFalse" file="C:\Users\Palm\cygwin64\home\Palm\dbwebb-kurser\mvc_new\me\report\tests\project\PokerrulesTest.php" line="235" class="App\Project\PokerrulesTest" classname="App.Project.PokerrulesTest" assertions="1" time="0.005457"/>
        <testcase name="testFlushOnTrue" file="C:\Users\Palm\cygwin64\home\Palm\dbwebb-kurser\mvc_new\me\report\tests\project\PokerrulesTest.php" line="253" class="App\Project\PokerrulesTest" classname="App.Project.PokerrulesTest" assertions="1" time="0.008724"/>
        <testcase name="testFlushOnFalse" file="C:\Users\Palm\cygwin64\home\Palm\dbwebb-kurser\mvc_new\me\report\tests\project\PokerrulesTest.php" line="272" class="App\Project\PokerrulesTest" classname="App.Project.PokerrulesTest" assertions="1" time="0.008885"/>
        <testcase name="testFourOfAKindOnTrue" file="C:\Users\Palm\cygwin64\home\Palm\dbwebb-kurser\mvc_new\me\report\tests\project\PokerrulesTest.php" line="290" class="App\Project\PokerrulesTest" classname="App.Project.PokerrulesTest" assertions="1" time="0.008881"/>
        <testcase name="testFourOfAKindOnFalse" file="C:\Users\Palm\cygwin64\home\Palm\dbwebb-kurser\mvc_new\me\report\tests\project\PokerrulesTest.php" line="308" class="App\Project\PokerrulesTest" classname="App.Project.PokerrulesTest" assertions="1" time="0.009139"/>
        <testcase name="testStraightFlushOnTrue" file="C:\Users\Palm\cygwin64\home\Palm\dbwebb-kurser\mvc_new\me\report\tests\project\PokerrulesTest.php" line="326" class="App\Project\PokerrulesTest" classname="App.Project.PokerrulesTest" assertions="1" time="0.008923"/>
        <testcase name="testStraightFlushOnFalse" file="C:\Users\Palm\cygwin64\home\Palm\dbwebb-kurser\mvc_new\me\report\tests\project\PokerrulesTest.php" line="344" class="App\Project\PokerrulesTest" classname="App.Project.PokerrulesTest" assertions="1" time="0.005364"/>
        <testcase name="testroyalFlushOnTrue" file="C:\Users\Palm\cygwin64\home\Palm\dbwebb-kurser\mvc_new\me\report\tests\project\PokerrulesTest.php" line="362" class="App\Project\PokerrulesTest" classname="App.Project.PokerrulesTest" assertions="1" time="0.008880"/>
        <testcase name="testroyalFlushOnFalse" file="C:\Users\Palm\cygwin64\home\Palm\dbwebb-kurser\mvc_new\me\report\tests\project\PokerrulesTest.php" line="380" class="App\Project\PokerrulesTest" classname="App.Project.PokerrulesTest" assertions="1" time="0.005323"/>
        <testcase name="testFullHouseOnTrue" file="C:\Users\Palm\cygwin64\home\Palm\dbwebb-kurser\mvc_new\me\report\tests\project\PokerrulesTest.php" line="398" class="App\Project\PokerrulesTest" classname="App.Project.PokerrulesTest" assertions="1" time="0.008767"/>
        <testcase name="testFullHouseOnFalse" file="C:\Users\Palm\cygwin64\home\Palm\dbwebb-kurser\mvc_new\me\report\tests\project\PokerrulesTest.php" line="418" class="App\Project\PokerrulesTest" classname="App.Project.PokerrulesTest" assertions="1" time="0.006846"/>
      </testsuite>
    </testsuite>
  </testsuite>
</testsuites>
